<?xml version="1.0" encoding="UTF-8"?>
<testsuite name="com.group.libraryapp.calculator.JunitCalculatorTest" tests="5" skipped="0" failures="0" errors="0" timestamp="2022-09-03T07:59:31" hostname="DESKTOP-RNJJMNU" time="0.079">
  <properties/>
  <testcase name="나눗셈 테스트" classname="com.group.libraryapp.calculator.JunitCalculatorTest" time="0.073"/>
  <testcase name="덧셈 테스트" classname="com.group.libraryapp.calculator.JunitCalculatorTest" time="0.0"/>
  <testcase name="곱셈 테스트" classname="com.group.libraryapp.calculator.JunitCalculatorTest" time="0.001"/>
  <testcase name="뺄셈 테스트" classname="com.group.libraryapp.calculator.JunitCalculatorTest" time="0.0"/>
  <testcase name="0으로 나누었을 경우 예외 테스트" classname="com.group.libraryapp.calculator.JunitCalculatorTest" time="0.005"/>
  <system-out><![CDATA[]]></system-out>
  <system-err><![CDATA[]]></system-err>
</testsuite>
